-------------------------------------------------------------------------------
Test set: com.local.rummy.RummyApplicationTests
-------------------------------------------------------------------------------
Tests run: 1, Failures: 0, Errors: 1, Skipped: 0, Time elapsed: 4.821 s <<< FAILURE! - in com.local.rummy.RummyApplicationTests
contextLoads  Time elapsed: 0.001 s  <<< ERROR!
java.lang.IllegalStateException: Failed to load ApplicationContext
Caused by: org.springframework.beans.factory.UnsatisfiedDependencyException: Error creating bean with name 'roomServiceImpl': Unsatisfied dependency expressed through field 'roomRepository'; nested exception is org.springframework.beans.factory.BeanCreationException: Error creating bean with name 'roomRepository' defined in com.local.rummy.repository.RoomRepository defined in @EnableCassandraRepositories declared on RummyApplication: Cannot resolve reference to bean 'cassandraTemplate' while setting bean property 'cassandraTemplate'; nested exception is org.springframework.beans.factory.UnsatisfiedDependencyException: Error creating bean with name 'org.springframework.boot.autoconfigure.data.cassandra.CassandraDataAutoConfiguration': Unsatisfied dependency expressed through constructor parameter 0; nested exception is org.springframework.beans.factory.BeanCreationException: Error creating bean with name 'cassandraSession' defined in class path resource [org/springframework/boot/autoconfigure/cassandra/CassandraAutoConfiguration.class]: Bean instantiation via factory method failed; nested exception is org.springframework.beans.BeanInstantiationException: Failed to instantiate [com.datastax.oss.driver.api.core.CqlSession]: Factory method 'cassandraSession' threw exception; nested exception is java.lang.IllegalStateException: Since you provided explicit contact points, the local DC must be explicitly set (see basic.load-balancing-policy.local-datacenter in the config, or set it programmatically with SessionBuilder.withLocalDatacenter). Current contact points are: Node(endPoint=localhost/127.0.0.1:9042, hostId=4b7980c8-8860-4c1a-a1cc-1752d73c161c, hashCode=2ef72bc9)=datacenter1, Node(endPoint=localhost/0:0:0:0:0:0:0:1:9042, hostId=null, hashCode=b80f372)=null. Current DCs in this cluster are: datacenter1
Caused by: org.springframework.beans.factory.BeanCreationException: Error creating bean with name 'roomRepository' defined in com.local.rummy.repository.RoomRepository defined in @EnableCassandraRepositories declared on RummyApplication: Cannot resolve reference to bean 'cassandraTemplate' while setting bean property 'cassandraTemplate'; nested exception is org.springframework.beans.factory.UnsatisfiedDependencyException: Error creating bean with name 'org.springframework.boot.autoconfigure.data.cassandra.CassandraDataAutoConfiguration': Unsatisfied dependency expressed through constructor parameter 0; nested exception is org.springframework.beans.factory.BeanCreationException: Error creating bean with name 'cassandraSession' defined in class path resource [org/springframework/boot/autoconfigure/cassandra/CassandraAutoConfiguration.class]: Bean instantiation via factory method failed; nested exception is org.springframework.beans.BeanInstantiationException: Failed to instantiate [com.datastax.oss.driver.api.core.CqlSession]: Factory method 'cassandraSession' threw exception; nested exception is java.lang.IllegalStateException: Since you provided explicit contact points, the local DC must be explicitly set (see basic.load-balancing-policy.local-datacenter in the config, or set it programmatically with SessionBuilder.withLocalDatacenter). Current contact points are: Node(endPoint=localhost/127.0.0.1:9042, hostId=4b7980c8-8860-4c1a-a1cc-1752d73c161c, hashCode=2ef72bc9)=datacenter1, Node(endPoint=localhost/0:0:0:0:0:0:0:1:9042, hostId=null, hashCode=b80f372)=null. Current DCs in this cluster are: datacenter1
Caused by: org.springframework.beans.factory.UnsatisfiedDependencyException: Error creating bean with name 'org.springframework.boot.autoconfigure.data.cassandra.CassandraDataAutoConfiguration': Unsatisfied dependency expressed through constructor parameter 0; nested exception is org.springframework.beans.factory.BeanCreationException: Error creating bean with name 'cassandraSession' defined in class path resource [org/springframework/boot/autoconfigure/cassandra/CassandraAutoConfiguration.class]: Bean instantiation via factory method failed; nested exception is org.springframework.beans.BeanInstantiationException: Failed to instantiate [com.datastax.oss.driver.api.core.CqlSession]: Factory method 'cassandraSession' threw exception; nested exception is java.lang.IllegalStateException: Since you provided explicit contact points, the local DC must be explicitly set (see basic.load-balancing-policy.local-datacenter in the config, or set it programmatically with SessionBuilder.withLocalDatacenter). Current contact points are: Node(endPoint=localhost/127.0.0.1:9042, hostId=4b7980c8-8860-4c1a-a1cc-1752d73c161c, hashCode=2ef72bc9)=datacenter1, Node(endPoint=localhost/0:0:0:0:0:0:0:1:9042, hostId=null, hashCode=b80f372)=null. Current DCs in this cluster are: datacenter1
Caused by: org.springframework.beans.factory.BeanCreationException: Error creating bean with name 'cassandraSession' defined in class path resource [org/springframework/boot/autoconfigure/cassandra/CassandraAutoConfiguration.class]: Bean instantiation via factory method failed; nested exception is org.springframework.beans.BeanInstantiationException: Failed to instantiate [com.datastax.oss.driver.api.core.CqlSession]: Factory method 'cassandraSession' threw exception; nested exception is java.lang.IllegalStateException: Since you provided explicit contact points, the local DC must be explicitly set (see basic.load-balancing-policy.local-datacenter in the config, or set it programmatically with SessionBuilder.withLocalDatacenter). Current contact points are: Node(endPoint=localhost/127.0.0.1:9042, hostId=4b7980c8-8860-4c1a-a1cc-1752d73c161c, hashCode=2ef72bc9)=datacenter1, Node(endPoint=localhost/0:0:0:0:0:0:0:1:9042, hostId=null, hashCode=b80f372)=null. Current DCs in this cluster are: datacenter1
Caused by: org.springframework.beans.BeanInstantiationException: Failed to instantiate [com.datastax.oss.driver.api.core.CqlSession]: Factory method 'cassandraSession' threw exception; nested exception is java.lang.IllegalStateException: Since you provided explicit contact points, the local DC must be explicitly set (see basic.load-balancing-policy.local-datacenter in the config, or set it programmatically with SessionBuilder.withLocalDatacenter). Current contact points are: Node(endPoint=localhost/127.0.0.1:9042, hostId=4b7980c8-8860-4c1a-a1cc-1752d73c161c, hashCode=2ef72bc9)=datacenter1, Node(endPoint=localhost/0:0:0:0:0:0:0:1:9042, hostId=null, hashCode=b80f372)=null. Current DCs in this cluster are: datacenter1
Caused by: java.lang.IllegalStateException: Since you provided explicit contact points, the local DC must be explicitly set (see basic.load-balancing-policy.local-datacenter in the config, or set it programmatically with SessionBuilder.withLocalDatacenter). Current contact points are: Node(endPoint=localhost/127.0.0.1:9042, hostId=4b7980c8-8860-4c1a-a1cc-1752d73c161c, hashCode=2ef72bc9)=datacenter1, Node(endPoint=localhost/0:0:0:0:0:0:0:1:9042, hostId=null, hashCode=b80f372)=null. Current DCs in this cluster are: datacenter1

